app/build/intermediates/manifest_merge_blame_file/debug/manifest-merger-blame-debug-report.txt
1<?xml version="1.0" encoding="utf-8"?>
2<manifest xmlns:android="http://schemas.android.com/apk/res/android"
3    package="com.example.sportsgame"
4    android:versionCode="1"
5    android:versionName="1.0" >
6
7    <uses-sdk
8        android:minSdkVersion="24"
8-->src\main\AndroidManifest.xml
9        android:targetSdkVersion="33" />
9-->src\main\AndroidManifest.xml
10
11    <uses-permission android:name="android.permission.READ_EXTERNAL_STORAGE" />
11-->src\main\AndroidManifest.xml:4:5-80
11-->src\main\AndroidManifest.xml:4:22-77
12    <uses-permission android:name="android.permission.INTERNET" />
12-->src\main\AndroidManifest.xml:5:5-67
12-->src\main\AndroidManifest.xml:5:22-64
13    <uses-permission android:name="android.permission.READ_EXTERNAL_STORAGE" />
13-->src\main\AndroidManifest.xml:4:5-80
13-->src\main\AndroidManifest.xml:4:22-77
14
15    <permission
15-->[androidx.core:core:1.9.0] AndroidManifest.xml:22:5-24:47
16        android:name="com.example.sportsgame.DYNAMIC_RECEIVER_NOT_EXPORTED_PERMISSION"
16-->[androidx.core:core:1.9.0] AndroidManifest.xml:23:9-81
17        android:protectionLevel="signature" />
17-->[androidx.core:core:1.9.0] AndroidManifest.xml:24:9-44
18
19    <uses-permission android:name="com.example.sportsgame.DYNAMIC_RECEIVER_NOT_EXPORTED_PERMISSION" />
19-->[androidx.core:core:1.9.0] AndroidManifest.xml:26:5-97
19-->[androidx.core:core:1.9.0] AndroidManifest.xml:26:22-94
20
21    <application
21-->src\main\AndroidManifest.xml:8:5-42:19
22        android:allowBackup="true"
22-->src\main\AndroidManifest.xml:9:9-35
23        android:appComponentFactory="androidx.core.app.CoreComponentFactory"
23-->[androidx.core:core:1.9.0] AndroidManifest.xml:28:18-86
24        android:dataExtractionRules="@xml/data_extraction_rules"
24-->src\main\AndroidManifest.xml:10:9-65
25        android:debuggable="true"
26        android:extractNativeLibs="false"
27        android:fullBackupContent="@xml/backup_rules"
27-->src\main\AndroidManifest.xml:11:9-54
28        android:icon="@mipmap/ball"
28-->src\main\AndroidManifest.xml:12:9-36
29        android:label="@string/app_name"
29-->src\main\AndroidManifest.xml:13:9-41
30        android:supportsRtl="true"
30-->src\main\AndroidManifest.xml:14:9-35
31        android:testOnly="true"
32        android:theme="@style/Theme.SportsGame" >
32-->src\main\AndroidManifest.xml:15:9-48
33        <activity
33-->src\main\AndroidManifest.xml:17:9-21:57
34            android:name="com.example.sportsgame.Settings"
34-->src\main\AndroidManifest.xml:18:13-37
35            android:exported="false"
35-->src\main\AndroidManifest.xml:19:13-37
36            android:parentActivityName="com.example.sportsgame.MainActivity"
36-->src\main\AndroidManifest.xml:21:13-55
37            android:screenOrientation="landscape" />
37-->src\main\AndroidManifest.xml:20:13-50
38        <activity
38-->src\main\AndroidManifest.xml:22:9-26:57
39            android:name="com.example.sportsgame.Store"
39-->src\main\AndroidManifest.xml:23:13-34
40            android:exported="false"
40-->src\main\AndroidManifest.xml:24:13-37
41            android:parentActivityName="com.example.sportsgame.MainActivity"
41-->src\main\AndroidManifest.xml:26:13-55
42            android:screenOrientation="landscape" />
42-->src\main\AndroidManifest.xml:25:13-50
43        <activity
43-->src\main\AndroidManifest.xml:27:9-31:57
44            android:name="com.example.sportsgame.PenaltyShootout"
44-->src\main\AndroidManifest.xml:28:13-44
45            android:exported="false"
45-->src\main\AndroidManifest.xml:29:13-37
46            android:parentActivityName="com.example.sportsgame.MainActivity"
46-->src\main\AndroidManifest.xml:31:13-55
47            android:screenOrientation="landscape" />
47-->src\main\AndroidManifest.xml:30:13-50
48        <activity
48-->src\main\AndroidManifest.xml:32:9-41:20
49            android:name="com.example.sportsgame.MainActivity"
49-->src\main\AndroidManifest.xml:33:13-41
50            android:exported="true"
50-->src\main\AndroidManifest.xml:34:13-36
51            android:screenOrientation="landscape" >
51-->src\main\AndroidManifest.xml:35:13-50
52            <intent-filter>
52-->src\main\AndroidManifest.xml:36:13-40:29
53                <action android:name="android.intent.action.MAIN" />
53-->src\main\AndroidManifest.xml:37:17-69
53-->src\main\AndroidManifest.xml:37:25-66
54
55                <category android:name="android.intent.category.LAUNCHER" />
55-->src\main\AndroidManifest.xml:39:17-77
55-->src\main\AndroidManifest.xml:39:27-74
56            </intent-filter>
57        </activity>
58
59        <provider
59-->[androidx.emoji2:emoji2:1.2.0] AndroidManifest.xml:24:9-32:20
60            android:name="androidx.startup.InitializationProvider"
60-->[androidx.emoji2:emoji2:1.2.0] AndroidManifest.xml:25:13-67
61            android:authorities="com.example.sportsgame.androidx-startup"
61-->[androidx.emoji2:emoji2:1.2.0] AndroidManifest.xml:26:13-68
62            android:exported="false" >
62-->[androidx.emoji2:emoji2:1.2.0] AndroidManifest.xml:27:13-37
63            <meta-data
63-->[androidx.emoji2:emoji2:1.2.0] AndroidManifest.xml:29:13-31:52
64                android:name="androidx.emoji2.text.EmojiCompatInitializer"
64-->[androidx.emoji2:emoji2:1.2.0] AndroidManifest.xml:30:17-75
65                android:value="androidx.startup" />
65-->[androidx.emoji2:emoji2:1.2.0] AndroidManifest.xml:31:17-49
66            <meta-data
66-->[androidx.lifecycle:lifecycle-process:2.4.1] AndroidManifest.xml:31:13-33:52
67                android:name="androidx.lifecycle.ProcessLifecycleInitializer"
67-->[androidx.lifecycle:lifecycle-process:2.4.1] AndroidManifest.xml:32:17-78
68                android:value="androidx.startup" />
68-->[androidx.lifecycle:lifecycle-process:2.4.1] AndroidManifest.xml:33:17-49
69        </provider>
70    </application>
71
72</manifest>